   0  $accept : %entry% $end

   1  sp : s EOF

   2  s : A

   3  %entry% : '\001' sp

state 0
	$accept : . %entry% $end  (0)

	'\001'  shift 1
	.  error

	%entry%  goto 2


state 1
	%entry% : '\001' . sp  (3)

	A  shift 3
	.  error

	sp  goto 4
	s  goto 5


state 2
	$accept : %entry% . $end  (0)

	$end  accept


state 3
	s : A .  (2)

	.  reduce 2


state 4
	%entry% : '\001' sp .  (3)

	.  reduce 3


state 5
	sp : s . EOF  (1)

	EOF  shift 6
	.  error


state 6
	sp : s EOF .  (1)

	.  reduce 1


5 terminals, 4 nonterminals
4 grammar rules, 7 states
